2023-01-06 19:10:09,744 INFO scheduler Scheduled Job Start: erpnext.hr.doctype.employee.employee_reminders.send_reminders_in_advance_weekly for students
2023-01-06 19:10:10,369 INFO scheduler Scheduled Job Complete: erpnext.hr.doctype.employee.employee_reminders.send_reminders_in_advance_weekly for students
2023-01-06 19:10:10,489 INFO scheduler Scheduled Job Start: erpnext.hr.doctype.employee.employee_reminders.send_reminders_in_advance_monthly for students
2023-01-06 19:10:10,943 INFO scheduler Scheduled Job Complete: erpnext.hr.doctype.employee.employee_reminders.send_reminders_in_advance_monthly for students
2023-01-06 19:10:11,092 INFO scheduler Scheduled Job Start: erpnext.hr.doctype.interview.interview.send_daily_feedback_reminder for students
2023-01-06 19:10:11,531 INFO scheduler Scheduled Job Complete: erpnext.hr.doctype.interview.interview.send_daily_feedback_reminder for students
2023-01-06 19:10:11,666 INFO scheduler Scheduled Job Start: erpnext.non_profit.doctype.membership.membership.set_expired_status for students
2023-01-06 19:10:11,967 DEBUG scheduler Queued events for site students
2023-01-06 19:10:12,006 INFO scheduler Scheduled Job Complete: erpnext.non_profit.doctype.membership.membership.set_expired_status for students
2023-01-06 19:10:12,115 INFO scheduler Scheduled Job Start: erpnext.accounts.doctype.process_statement_of_accounts.process_statement_of_accounts.send_auto_email for students
2023-01-06 19:10:12,588 INFO scheduler Scheduled Job Complete: erpnext.accounts.doctype.process_statement_of_accounts.process_statement_of_accounts.send_auto_email for students
2023-01-06 19:10:12,691 INFO scheduler Scheduled Job Start: erpnext.buying.doctype.supplier_quotation.supplier_quotation.set_expired_status for students
2023-01-06 19:10:13,146 INFO scheduler Scheduled Job Complete: erpnext.buying.doctype.supplier_quotation.supplier_quotation.set_expired_status for students
2023-01-06 19:10:13,247 INFO scheduler Scheduled Job Start: erpnext.healthcare.doctype.patient_appointment.patient_appointment.update_appointment_status for students
2023-01-06 19:10:13,564 INFO scheduler Scheduled Job Failed: erpnext.healthcare.doctype.patient_appointment.patient_appointment.update_appointment_status for students
2023-01-06 19:10:13,670 INFO scheduler Scheduled Job Start: erpnext.selling.doctype.quotation.quotation.set_expired_status for students
2023-01-06 19:10:14,122 INFO scheduler Scheduled Job Complete: erpnext.selling.doctype.quotation.quotation.set_expired_status for students
2023-01-06 19:10:14,223 INFO scheduler Scheduled Job Start: erpnext.crm.doctype.email_campaign.email_campaign.set_email_campaign_status for students
2023-01-06 19:10:14,607 INFO scheduler Scheduled Job Complete: erpnext.crm.doctype.email_campaign.email_campaign.set_email_campaign_status for students
2023-01-06 19:10:14,709 INFO scheduler Scheduled Job Start: erpnext.crm.doctype.email_campaign.email_campaign.send_email_to_leads_or_contacts for students
2023-01-06 19:10:15,058 INFO scheduler Scheduled Job Complete: erpnext.crm.doctype.email_campaign.email_campaign.send_email_to_leads_or_contacts for students
2023-01-06 19:10:15,160 INFO scheduler Scheduled Job Start: erpnext.support.doctype.service_level_agreement.service_level_agreement.check_agreement_status for students
2023-01-06 19:10:15,541 INFO scheduler Scheduled Job Complete: erpnext.support.doctype.service_level_agreement.service_level_agreement.check_agreement_status for students
2023-01-06 19:10:15,645 INFO scheduler Scheduled Job Start: erpnext.quality_management.doctype.quality_review.quality_review.review for students
2023-01-06 19:10:16,019 INFO scheduler Scheduled Job Complete: erpnext.quality_management.doctype.quality_review.quality_review.review for students
2023-01-06 19:10:16,125 INFO scheduler Scheduled Job Start: erpnext.projects.doctype.project.project.send_project_status_email_to_users for students
2023-01-06 19:10:16,591 INFO scheduler Scheduled Job Complete: erpnext.projects.doctype.project.project.send_project_status_email_to_users for students
2023-01-06 19:10:16,696 INFO scheduler Scheduled Job Start: erpnext.projects.doctype.project.project.update_project_sales_billing for students
2023-01-06 19:10:17,113 INFO scheduler Scheduled Job Complete: erpnext.projects.doctype.project.project.update_project_sales_billing for students
2023-01-06 19:10:17,214 INFO scheduler Scheduled Job Start: erpnext.crm.doctype.contract.contract.update_status_for_contracts for students
2023-01-06 19:10:17,602 INFO scheduler Scheduled Job Complete: erpnext.crm.doctype.contract.contract.update_status_for_contracts for students
2023-01-06 19:10:17,708 INFO scheduler Scheduled Job Start: erpnext.assets.doctype.asset.asset.make_post_gl_entry for students
2023-01-06 19:10:18,212 INFO scheduler Scheduled Job Complete: erpnext.assets.doctype.asset.asset.make_post_gl_entry for students
2023-01-06 19:10:18,319 INFO scheduler Scheduled Job Start: erpnext.assets.doctype.asset.asset.update_maintenance_status for students
2023-01-06 19:10:18,850 INFO scheduler Scheduled Job Complete: erpnext.assets.doctype.asset.asset.update_maintenance_status for students
2023-01-06 19:10:18,964 INFO scheduler Scheduled Job Start: erpnext.setup.doctype.company.company.cache_companies_monthly_sales_history for students
2023-01-06 19:10:19,460 INFO scheduler Scheduled Job Complete: erpnext.setup.doctype.company.company.cache_companies_monthly_sales_history for students
2023-01-06 19:10:19,566 INFO scheduler Scheduled Job Start: erpnext.buying.doctype.supplier_scorecard.supplier_scorecard.refresh_scorecards for students
2023-01-06 19:10:19,887 INFO scheduler Scheduled Job Complete: erpnext.buying.doctype.supplier_scorecard.supplier_scorecard.refresh_scorecards for students
2023-01-06 19:10:19,989 INFO scheduler Scheduled Job Start: erpnext.stock.doctype.serial_no.serial_no.update_maintenance_status for students
2023-01-06 19:10:20,429 INFO scheduler Scheduled Job Complete: erpnext.stock.doctype.serial_no.serial_no.update_maintenance_status for students
2023-01-06 19:10:20,535 INFO scheduler Scheduled Job Start: erpnext.hr.doctype.daily_work_summary_group.daily_work_summary_group.send_summary for students
2023-01-06 19:10:20,906 INFO scheduler Scheduled Job Complete: erpnext.hr.doctype.daily_work_summary_group.daily_work_summary_group.send_summary for students
2023-01-06 19:10:21,008 INFO scheduler Scheduled Job Start: erpnext.assets.doctype.asset.depreciation.post_depreciation_entries for students
2023-01-06 19:10:21,321 INFO scheduler Scheduled Job Complete: erpnext.assets.doctype.asset.depreciation.post_depreciation_entries for students
2023-01-06 19:10:21,425 INFO scheduler Scheduled Job Start: erpnext.projects.doctype.task.task.set_tasks_as_overdue for students
2023-01-06 19:10:21,813 INFO scheduler Scheduled Job Complete: erpnext.projects.doctype.task.task.set_tasks_as_overdue for students
2023-01-06 19:10:21,915 INFO scheduler Scheduled Job Start: erpnext.hr.doctype.employee.employee_reminders.send_birthday_reminders for students
2023-01-06 19:10:22,244 INFO scheduler Scheduled Job Complete: erpnext.hr.doctype.employee.employee_reminders.send_birthday_reminders for students
2023-01-06 19:10:22,345 INFO scheduler Scheduled Job Start: erpnext.hr.doctype.employee.employee_reminders.send_work_anniversary_reminders for students
2023-01-06 19:10:22,667 INFO scheduler Scheduled Job Complete: erpnext.hr.doctype.employee.employee_reminders.send_work_anniversary_reminders for students
2023-01-06 19:10:22,776 INFO scheduler Scheduled Job Start: erpnext.accounts.doctype.fiscal_year.fiscal_year.auto_create_fiscal_year for students
2023-01-06 19:10:23,086 INFO scheduler Scheduled Job Complete: erpnext.accounts.doctype.fiscal_year.fiscal_year.auto_create_fiscal_year for students
2023-01-06 19:10:23,188 INFO scheduler Scheduled Job Start: erpnext.controllers.accounts_controller.update_invoice_status for students
2023-01-06 19:10:23,630 INFO scheduler Scheduled Job Complete: erpnext.controllers.accounts_controller.update_invoice_status for students
2023-01-06 19:10:23,734 INFO scheduler Scheduled Job Start: erpnext.crm.doctype.opportunity.opportunity.auto_close_opportunity for students
2023-01-06 19:10:24,091 INFO scheduler Scheduled Job Complete: erpnext.crm.doctype.opportunity.opportunity.auto_close_opportunity for students
2023-01-06 19:10:24,196 INFO scheduler Scheduled Job Start: erpnext.support.doctype.issue.issue.auto_close_tickets for students
2023-01-06 19:10:24,511 INFO scheduler Scheduled Job Complete: erpnext.support.doctype.issue.issue.auto_close_tickets for students
2023-01-06 19:10:24,612 INFO scheduler Scheduled Job Start: erpnext.erpnext_integrations.connectors.shopify_connection.sync_old_orders for students
2023-01-06 19:10:25,181 INFO scheduler Scheduled Job Complete: erpnext.erpnext_integrations.connectors.shopify_connection.sync_old_orders for students
2023-01-06 19:10:25,281 INFO scheduler Scheduled Job Start: erpnext.support.doctype.issue.issue.set_service_level_agreement_variance for students
2023-01-06 19:10:25,997 INFO scheduler Scheduled Job Complete: erpnext.support.doctype.issue.issue.set_service_level_agreement_variance for students
2023-01-06 19:12:16,086 INFO scheduler Scheduled Job Start: erpnext.hr.doctype.shift_type.shift_type.process_auto_attendance_for_all_shifts for students
2023-01-06 19:12:16,998 DEBUG scheduler Queued events for site students
2023-01-06 19:12:17,849 INFO scheduler Scheduled Job Complete: erpnext.hr.doctype.shift_type.shift_type.process_auto_attendance_for_all_shifts for students
2023-01-06 19:12:18,017 INFO scheduler Scheduled Job Start: erpnext.projects.doctype.project.project.collect_project_status for students
2023-01-06 19:12:18,798 INFO scheduler Scheduled Job Complete: erpnext.projects.doctype.project.project.collect_project_status for students
2023-01-06 19:12:18,937 INFO scheduler Scheduled Job Start: erpnext.projects.doctype.project.project.hourly_reminder for students
2023-01-06 19:12:19,491 INFO scheduler Scheduled Job Complete: erpnext.projects.doctype.project.project.hourly_reminder for students
2023-01-06 19:12:19,602 INFO scheduler Scheduled Job Start: erpnext.erpnext_integrations.doctype.plaid_settings.plaid_settings.automatic_synchronization for students
2023-01-06 19:12:20,284 INFO scheduler Scheduled Job Complete: erpnext.erpnext_integrations.doctype.plaid_settings.plaid_settings.automatic_synchronization for students
2023-01-06 19:12:20,417 INFO scheduler Scheduled Job Start: erpnext.erpnext_integrations.doctype.amazon_mws_settings.amazon_mws_settings.schedule_get_order_details for students
2023-01-06 19:12:20,879 INFO scheduler Scheduled Job Complete: erpnext.erpnext_integrations.doctype.amazon_mws_settings.amazon_mws_settings.schedule_get_order_details for students
2023-01-06 19:12:21,014 INFO scheduler Scheduled Job Start: erpnext.hr.doctype.daily_work_summary_group.daily_work_summary_group.trigger_emails for students
2023-01-06 19:12:21,505 INFO scheduler Scheduled Job Complete: erpnext.hr.doctype.daily_work_summary_group.daily_work_summary_group.trigger_emails for students
2023-01-06 19:12:21,661 INFO scheduler Scheduled Job Start: erpnext.crm.doctype.social_media_post.social_media_post.process_scheduled_social_media_posts for students
2023-01-06 19:12:22,094 INFO scheduler Scheduled Job Complete: erpnext.crm.doctype.social_media_post.social_media_post.process_scheduled_social_media_posts for students
2023-01-06 19:12:22,213 INFO scheduler Scheduled Job Start: erpnext.hr.doctype.interview.interview.send_interview_reminder for students
2023-01-06 19:12:22,639 INFO scheduler Scheduled Job Complete: erpnext.hr.doctype.interview.interview.send_interview_reminder for students
2023-01-06 19:12:22,753 INFO scheduler Scheduled Job Start: erpnext.healthcare.doctype.patient_appointment.patient_appointment.send_appointment_reminder for students
2023-01-06 19:12:23,151 INFO scheduler Scheduled Job Complete: erpnext.healthcare.doctype.patient_appointment.patient_appointment.send_appointment_reminder for students
2023-01-06 19:12:23,251 INFO scheduler Scheduled Job Start: erpnext.projects.doctype.project.project.project_status_update_reminder for students
2023-01-06 19:12:23,678 INFO scheduler Scheduled Job Complete: erpnext.projects.doctype.project.project.project_status_update_reminder for students
2023-01-06 19:12:23,783 INFO scheduler Scheduled Job Start: erpnext.stock.reorder_item.reorder_item for students
2023-01-06 19:12:24,245 INFO scheduler Scheduled Job Complete: erpnext.stock.reorder_item.reorder_item for students
2023-01-06 19:12:24,373 INFO scheduler Scheduled Job Start: erpnext.accounts.doctype.gl_entry.gl_entry.rename_gle_sle_docs for students
2023-01-06 19:12:24,897 INFO scheduler Scheduled Job Complete: erpnext.accounts.doctype.gl_entry.gl_entry.rename_gle_sle_docs for students
2023-01-06 19:12:25,030 INFO scheduler Scheduled Job Start: erpnext.utilities.doctype.video.video.update_youtube_data for students
2023-01-06 19:12:25,950 INFO scheduler Scheduled Job Complete: erpnext.utilities.doctype.video.video.update_youtube_data for students
2023-01-06 19:12:26,083 INFO scheduler Scheduled Job Start: erpnext.manufacturing.doctype.bom_update_log.bom_update_log.resume_bom_cost_update_jobs for students
2023-01-06 19:12:26,604 INFO scheduler Scheduled Job Complete: erpnext.manufacturing.doctype.bom_update_log.bom_update_log.resume_bom_cost_update_jobs for students
2023-01-06 19:12:26,746 INFO scheduler Scheduled Job Start: frappe.social.doctype.energy_point_log.energy_point_log.send_monthly_summary for students
2023-01-06 19:12:27,139 INFO scheduler Scheduled Job Complete: frappe.social.doctype.energy_point_log.energy_point_log.send_monthly_summary for students
2023-01-06 19:12:27,310 INFO scheduler Scheduled Job Start: frappe.email.doctype.auto_email_report.auto_email_report.send_monthly for students
2023-01-06 19:12:28,335 INFO scheduler Scheduled Job Complete: frappe.email.doctype.auto_email_report.auto_email_report.send_monthly for students
2023-01-06 19:12:28,513 INFO scheduler Scheduled Job Start: frappe.core.doctype.log_settings.log_settings.run_log_clean_up for students
2023-01-06 19:12:29,051 INFO scheduler Scheduled Job Complete: frappe.core.doctype.log_settings.log_settings.run_log_clean_up for students
2023-01-06 19:12:29,206 INFO scheduler Scheduled Job Start: frappe.core.doctype.prepared_report.prepared_report.delete_expired_prepared_reports for students
2023-01-06 19:12:29,713 INFO scheduler Scheduled Job Complete: frappe.core.doctype.prepared_report.prepared_report.delete_expired_prepared_reports for students
2023-01-06 19:12:29,845 INFO scheduler Scheduled Job Start: frappe.email.doctype.unhandled_email.unhandled_email.remove_old_unhandled_emails for students
2023-01-06 19:12:30,264 INFO scheduler Scheduled Job Complete: frappe.email.doctype.unhandled_email.unhandled_email.remove_old_unhandled_emails for students
2023-01-06 19:12:30,396 INFO scheduler Scheduled Job Start: frappe.automation.doctype.auto_repeat.auto_repeat.set_auto_repeat_as_completed for students
2023-01-06 19:12:30,920 INFO scheduler Scheduled Job Complete: frappe.automation.doctype.auto_repeat.auto_repeat.set_auto_repeat_as_completed for students
2023-01-06 19:12:31,075 INFO scheduler Scheduled Job Start: frappe.automation.doctype.auto_repeat.auto_repeat.make_auto_repeat_entry for students
2023-01-06 19:12:31,584 INFO scheduler Scheduled Job Complete: frappe.automation.doctype.auto_repeat.auto_repeat.make_auto_repeat_entry for students
2023-01-06 19:12:31,742 INFO scheduler Scheduled Job Start: frappe.integrations.doctype.google_contacts.google_contacts.sync for students
2023-01-06 19:12:33,090 INFO scheduler Scheduled Job Complete: frappe.integrations.doctype.google_contacts.google_contacts.sync for students
2023-01-06 19:12:33,295 INFO scheduler Scheduled Job Start: frappe.social.doctype.energy_point_settings.energy_point_settings.allocate_review_points for students
2023-01-06 19:12:33,795 INFO scheduler Scheduled Job Complete: frappe.social.doctype.energy_point_settings.energy_point_settings.allocate_review_points for students
2023-01-06 19:12:33,925 INFO scheduler Scheduled Job Start: frappe.desk.form.document_follow.send_daily_updates for students
2023-01-06 19:12:34,373 INFO scheduler Scheduled Job Complete: frappe.desk.form.document_follow.send_daily_updates for students
2023-01-06 19:12:34,520 INFO scheduler Scheduled Job Start: frappe.website.doctype.personal_data_deletion_request.personal_data_deletion_request.remove_unverified_record for students
2023-01-06 19:12:34,934 INFO scheduler Scheduled Job Complete: frappe.website.doctype.personal_data_deletion_request.personal_data_deletion_request.remove_unverified_record for students
2023-01-06 19:12:35,077 INFO scheduler Scheduled Job Start: frappe.email.doctype.notification.notification.trigger_daily_alerts for students
2023-01-06 19:12:35,731 INFO scheduler Scheduled Job Complete: frappe.email.doctype.notification.notification.trigger_daily_alerts for students
2023-01-06 19:12:35,907 INFO scheduler Scheduled Job Start: frappe.sessions.clear_expired_sessions for students
2023-01-06 19:12:36,292 INFO scheduler Scheduled Job Complete: frappe.sessions.clear_expired_sessions for students
2023-01-06 19:12:36,457 INFO scheduler Scheduled Job Start: frappe.desk.doctype.event.event.send_event_digest for students
2023-01-06 19:12:36,870 INFO scheduler Scheduled Job Complete: frappe.desk.doctype.event.event.send_event_digest for students
2023-01-06 19:12:37,077 INFO scheduler Scheduled Job Start: frappe.core.doctype.error_log.error_log.set_old_logs_as_seen for students
2023-01-06 19:12:37,446 INFO scheduler Scheduled Job Complete: frappe.core.doctype.error_log.error_log.set_old_logs_as_seen for students
2023-01-06 19:12:37,580 INFO scheduler Scheduled Job Start: frappe.desk.notifications.clear_notifications for students
2023-01-06 19:12:37,957 INFO scheduler Scheduled Job Complete: frappe.desk.notifications.clear_notifications for students
2023-01-06 19:12:38,125 INFO scheduler Scheduled Job Start: frappe.email.queue.set_expiry_for_email_queue for students
2023-01-06 19:12:38,528 INFO scheduler Scheduled Job Complete: frappe.email.queue.set_expiry_for_email_queue for students
2023-01-06 19:12:38,639 INFO scheduler Scheduled Job Start: frappe.email.doctype.newsletter.newsletter.send_scheduled_email for students
2023-01-06 19:12:39,110 INFO scheduler Scheduled Job Complete: frappe.email.doctype.newsletter.newsletter.send_scheduled_email for students
2023-01-06 19:12:39,233 INFO scheduler Scheduled Job Start: frappe.integrations.doctype.google_calendar.google_calendar.sync for students
2023-01-06 19:12:39,925 INFO scheduler Scheduled Job Complete: frappe.integrations.doctype.google_calendar.google_calendar.sync for students
2023-01-06 19:12:40,056 INFO scheduler Scheduled Job Start: frappe.desk.form.document_follow.send_hourly_updates for students
2023-01-06 19:12:40,497 INFO scheduler Scheduled Job Complete: frappe.desk.form.document_follow.send_hourly_updates for students
2023-01-06 19:12:40,620 INFO scheduler Scheduled Job Start: frappe.deferred_insert.save_to_db for students
2023-01-06 19:12:41,159 INFO scheduler Scheduled Job Complete: frappe.deferred_insert.save_to_db for students
2023-01-06 19:12:41,303 INFO scheduler Scheduled Job Start: frappe.desk.page.backups.backups.delete_downloadable_backups for students
2023-01-06 19:12:41,700 INFO scheduler Scheduled Job Complete: frappe.desk.page.backups.backups.delete_downloadable_backups for students
2023-01-06 19:12:41,832 INFO scheduler Scheduled Job Start: frappe.utils.error.collect_error_snapshots for students
2023-01-06 19:12:42,285 INFO scheduler Scheduled Job Complete: frappe.utils.error.collect_error_snapshots for students
2023-01-06 19:12:42,438 INFO scheduler Scheduled Job Start: frappe.model.utils.user_settings.sync_user_settings for students
2023-01-06 19:12:43,035 INFO scheduler Scheduled Job Complete: frappe.model.utils.user_settings.sync_user_settings for students
2023-01-06 19:12:43,245 INFO scheduler Scheduled Job Start: frappe.model.utils.link_count.update_link_count for students
2023-01-06 19:12:43,644 INFO scheduler Scheduled Job Complete: frappe.model.utils.link_count.update_link_count for students
2023-01-06 19:12:43,777 INFO scheduler Scheduled Job Start: frappe.monitor.flush for students
2023-01-06 19:12:44,078 INFO scheduler Scheduled Job Complete: frappe.monitor.flush for students
2023-01-06 19:12:44,182 INFO scheduler Scheduled Job Start: frappe.utils.global_search.sync_global_search for students
2023-01-06 19:12:44,492 INFO scheduler Scheduled Job Complete: frappe.utils.global_search.sync_global_search for students
2023-01-06 19:12:44,593 INFO scheduler Scheduled Job Start: frappe.integrations.doctype.razorpay_settings.razorpay_settings.capture_payment for students
2023-01-06 19:12:45,233 INFO scheduler Scheduled Job Complete: frappe.integrations.doctype.razorpay_settings.razorpay_settings.capture_payment for students
2023-01-06 19:12:45,332 INFO scheduler Scheduled Job Start: frappe.email.doctype.email_account.email_account.notify_unreplied for students
2023-01-06 19:12:45,799 INFO scheduler Scheduled Job Complete: frappe.email.doctype.email_account.email_account.notify_unreplied for students
2023-01-06 19:12:45,905 INFO scheduler Scheduled Job Start: frappe.email.doctype.email_account.email_account.pull for students
2023-01-06 19:12:46,288 INFO scheduler Scheduled Job Complete: frappe.email.doctype.email_account.email_account.pull for students
2023-01-06 19:12:46,444 INFO scheduler Scheduled Job Start: frappe.email.queue.flush for students
2023-01-06 19:12:46,765 INFO scheduler Scheduled Job Complete: frappe.email.queue.flush for students
2023-01-06 19:12:46,860 INFO scheduler Scheduled Job Start: frappe.twofactor.delete_all_barcodes_for_users for students
2023-01-06 19:12:47,236 INFO scheduler Scheduled Job Complete: frappe.twofactor.delete_all_barcodes_for_users for students
2023-01-06 19:12:47,346 INFO scheduler Scheduled Job Start: frappe.website.doctype.web_page.web_page.check_publish_status for students
2023-01-06 19:12:47,875 INFO scheduler Scheduled Job Complete: frappe.website.doctype.web_page.web_page.check_publish_status for students
2023-01-06 19:12:48,041 INFO scheduler Scheduled Job Start: frappe.oauth.delete_oauth2_data for students
2023-01-06 19:12:48,526 INFO scheduler Scheduled Job Complete: frappe.oauth.delete_oauth2_data for students
2023-01-06 19:12:48,950 INFO scheduler Scheduled Job Start: erpnext.stock.doctype.repost_item_valuation.repost_item_valuation.repost_entries for students
2023-01-06 19:12:49,372 INFO scheduler Scheduled Job Complete: erpnext.stock.doctype.repost_item_valuation.repost_item_valuation.repost_entries for students
2023-01-06 19:12:49,499 INFO scheduler Scheduled Job Start: erpnext.accounts.doctype.subscription.subscription.process_all for students
2023-01-06 19:12:50,014 INFO scheduler Scheduled Job Complete: erpnext.accounts.doctype.subscription.subscription.process_all for students
2023-01-06 19:12:50,166 INFO scheduler Scheduled Job Start: erpnext.loan_management.doctype.process_loan_interest_accrual.process_loan_interest_accrual.process_loan_interest_accrual_for_demand_loans for students
2023-01-06 19:12:51,031 INFO scheduler Scheduled Job Complete: erpnext.loan_management.doctype.process_loan_interest_accrual.process_loan_interest_accrual.process_loan_interest_accrual_for_demand_loans for students
2023-01-06 19:12:51,174 INFO scheduler Scheduled Job Start: erpnext.accounts.deferred_revenue.process_deferred_accounting for students
2023-01-06 19:12:52,348 INFO scheduler Scheduled Job Complete: erpnext.accounts.deferred_revenue.process_deferred_accounting for students
2023-01-06 19:12:52,489 INFO scheduler Scheduled Job Start: erpnext.crm.doctype.lead.lead.daily_open_lead for students
2023-01-06 19:12:53,132 INFO scheduler Scheduled Job Complete: erpnext.crm.doctype.lead.lead.daily_open_lead for students
2023-01-06 19:12:53,252 INFO scheduler Scheduled Job Start: erpnext.loan_management.doctype.process_loan_interest_accrual.process_loan_interest_accrual.process_loan_interest_accrual_for_term_loans for students
2023-01-06 19:12:53,725 INFO scheduler Scheduled Job Complete: erpnext.loan_management.doctype.process_loan_interest_accrual.process_loan_interest_accrual.process_loan_interest_accrual_for_term_loans for students
2023-01-06 19:12:53,855 INFO scheduler Scheduled Job Start: erpnext.loan_management.doctype.process_loan_security_shortfall.process_loan_security_shortfall.create_process_loan_security_shortfall for students
2023-01-06 19:12:54,192 INFO scheduler Scheduled Job Complete: erpnext.loan_management.doctype.process_loan_security_shortfall.process_loan_security_shortfall.create_process_loan_security_shortfall for students
2023-01-06 19:12:54,311 INFO scheduler Scheduled Job Start: erpnext.hr.utils.allocate_earned_leaves for students
2023-01-06 19:12:54,715 INFO scheduler Scheduled Job Complete: erpnext.hr.utils.allocate_earned_leaves for students
2023-01-06 19:12:54,837 INFO scheduler Scheduled Job Start: erpnext.hr.utils.generate_leave_encashment for students
2023-01-06 19:12:55,207 INFO scheduler Scheduled Job Complete: erpnext.hr.utils.generate_leave_encashment for students
2023-01-06 19:12:55,357 INFO scheduler Scheduled Job Start: erpnext.hr.doctype.leave_ledger_entry.leave_ledger_entry.process_expired_allocation for students
2023-01-06 19:12:55,728 INFO scheduler Scheduled Job Complete: erpnext.hr.doctype.leave_ledger_entry.leave_ledger_entry.process_expired_allocation for students
2023-01-06 19:12:55,842 INFO scheduler Scheduled Job Start: erpnext.manufacturing.doctype.bom_update_tool.bom_update_tool.auto_update_latest_price_in_all_boms for students
2023-01-06 19:12:56,247 INFO scheduler Scheduled Job Complete: erpnext.manufacturing.doctype.bom_update_tool.bom_update_tool.auto_update_latest_price_in_all_boms for students
2023-01-06 19:12:56,373 INFO scheduler Scheduled Job Start: erpnext.setup.doctype.email_digest.email_digest.send for students
2023-01-06 19:12:56,949 INFO scheduler Scheduled Job Failed: erpnext.setup.doctype.email_digest.email_digest.send for students
2023-01-06 19:12:57,083 INFO scheduler Scheduled Job Start: frappe.integrations.doctype.s3_backup_settings.s3_backup_settings.take_backups_monthly for students
2023-01-06 19:12:57,630 INFO scheduler Scheduled Job Complete: frappe.integrations.doctype.s3_backup_settings.s3_backup_settings.take_backups_monthly for students
2023-01-06 19:12:57,760 INFO scheduler Scheduled Job Start: frappe.integrations.doctype.google_drive.google_drive.weekly_backup for students
2023-01-06 19:12:58,386 INFO scheduler Scheduled Job Complete: frappe.integrations.doctype.google_drive.google_drive.weekly_backup for students
2023-01-06 19:12:58,516 INFO scheduler Scheduled Job Start: frappe.social.doctype.energy_point_log.energy_point_log.send_weekly_summary for students
2023-01-06 19:12:58,856 INFO scheduler Scheduled Job Complete: frappe.social.doctype.energy_point_log.energy_point_log.send_weekly_summary for students
2023-01-06 19:12:58,978 INFO scheduler Scheduled Job Start: frappe.desk.form.document_follow.send_weekly_updates for students
2023-01-06 19:12:59,340 INFO scheduler Scheduled Job Complete: frappe.desk.form.document_follow.send_weekly_updates for students
2023-01-06 19:12:59,477 INFO scheduler Scheduled Job Start: frappe.desk.doctype.route_history.route_history.flush_old_route_records for students
2023-01-06 19:12:59,848 INFO scheduler Scheduled Job Complete: frappe.desk.doctype.route_history.route_history.flush_old_route_records for students
2023-01-06 19:12:59,976 INFO scheduler Scheduled Job Start: frappe.integrations.doctype.s3_backup_settings.s3_backup_settings.take_backups_weekly for students
2023-01-06 19:13:00,427 INFO scheduler Scheduled Job Complete: frappe.integrations.doctype.s3_backup_settings.s3_backup_settings.take_backups_weekly for students
2023-01-06 19:13:00,558 INFO scheduler Scheduled Job Start: frappe.integrations.doctype.dropbox_settings.dropbox_settings.take_backups_weekly for students
2023-01-06 19:13:01,251 INFO scheduler Scheduled Job Complete: frappe.integrations.doctype.dropbox_settings.dropbox_settings.take_backups_weekly for students
2023-01-06 19:13:01,375 INFO scheduler Scheduled Job Start: frappe.integrations.doctype.google_drive.google_drive.daily_backup for students
2023-01-06 19:13:02,050 INFO scheduler Scheduled Job Complete: frappe.integrations.doctype.google_drive.google_drive.daily_backup for students
2023-01-06 19:13:02,175 INFO scheduler Scheduled Job Start: frappe.email.doctype.auto_email_report.auto_email_report.send_daily for students
2023-01-06 19:13:03,174 INFO scheduler Scheduled Job Complete: frappe.email.doctype.auto_email_report.auto_email_report.send_daily for students
2023-01-06 19:13:03,299 INFO scheduler Scheduled Job Start: frappe.integrations.doctype.s3_backup_settings.s3_backup_settings.take_backups_daily for students
2023-01-06 19:13:03,799 INFO scheduler Scheduled Job Complete: frappe.integrations.doctype.s3_backup_settings.s3_backup_settings.take_backups_daily for students
2023-01-06 19:13:03,926 INFO scheduler Scheduled Job Start: frappe.utils.change_log.check_for_update for students
2023-01-06 19:13:09,055 INFO scheduler Scheduled Job Complete: frappe.utils.change_log.check_for_update for students
2023-01-06 19:13:09,304 INFO scheduler Scheduled Job Start: frappe.integrations.doctype.dropbox_settings.dropbox_settings.take_backups_daily for students
2023-01-06 19:13:09,965 INFO scheduler Scheduled Job Complete: frappe.integrations.doctype.dropbox_settings.dropbox_settings.take_backups_daily for students
2023-01-06 19:13:18,151 DEBUG scheduler Queued events for site students
2023-01-06 19:14:18,403 DEBUG scheduler Queued events for site students
2023-01-06 19:15:18,688 DEBUG scheduler Queued events for site students
2023-01-06 19:15:18,701 INFO scheduler Scheduled Job Start: erpnext.manufacturing.doctype.bom_update_log.bom_update_log.resume_bom_cost_update_jobs for students
2023-01-06 19:15:19,075 INFO scheduler Scheduled Job Complete: erpnext.manufacturing.doctype.bom_update_log.bom_update_log.resume_bom_cost_update_jobs for students
2023-01-06 19:15:19,176 INFO scheduler Scheduled Job Start: frappe.twofactor.delete_all_barcodes_for_users for students
2023-01-06 19:15:19,550 INFO scheduler Scheduled Job Complete: frappe.twofactor.delete_all_barcodes_for_users for students
2023-01-06 19:15:19,657 INFO scheduler Scheduled Job Start: frappe.website.doctype.web_page.web_page.check_publish_status for students
2023-01-06 19:15:20,163 INFO scheduler Scheduled Job Complete: frappe.website.doctype.web_page.web_page.check_publish_status for students
2023-01-06 19:15:20,274 INFO scheduler Scheduled Job Start: frappe.oauth.delete_oauth2_data for students
2023-01-06 19:15:20,656 INFO scheduler Scheduled Job Complete: frappe.oauth.delete_oauth2_data for students
2023-01-06 19:32:53,415 DEBUG scheduler Queued events for site students
2023-01-06 19:32:53,710 INFO scheduler Scheduled Job Start: erpnext.crm.doctype.social_media_post.social_media_post.process_scheduled_social_media_posts for students
2023-01-06 19:32:54,916 INFO scheduler Scheduled Job Complete: erpnext.crm.doctype.social_media_post.social_media_post.process_scheduled_social_media_posts for students
2023-01-06 19:32:55,047 INFO scheduler Scheduled Job Start: erpnext.hr.doctype.interview.interview.send_interview_reminder for students
2023-01-06 19:32:55,519 INFO scheduler Scheduled Job Complete: erpnext.hr.doctype.interview.interview.send_interview_reminder for students
2023-01-06 19:32:55,624 INFO scheduler Scheduled Job Start: erpnext.healthcare.doctype.patient_appointment.patient_appointment.send_appointment_reminder for students
2023-01-06 19:32:56,025 INFO scheduler Scheduled Job Complete: erpnext.healthcare.doctype.patient_appointment.patient_appointment.send_appointment_reminder for students
2023-01-06 19:32:56,133 INFO scheduler Scheduled Job Start: erpnext.projects.doctype.project.project.project_status_update_reminder for students
2023-01-06 19:32:56,906 INFO scheduler Scheduled Job Complete: erpnext.projects.doctype.project.project.project_status_update_reminder for students
2023-01-06 19:32:57,008 INFO scheduler Scheduled Job Start: erpnext.accounts.doctype.gl_entry.gl_entry.rename_gle_sle_docs for students
2023-01-06 19:32:58,300 INFO scheduler Scheduled Job Complete: erpnext.accounts.doctype.gl_entry.gl_entry.rename_gle_sle_docs for students
2023-01-06 19:32:58,449 INFO scheduler Scheduled Job Start: erpnext.utilities.doctype.video.video.update_youtube_data for students
2023-01-06 19:32:59,732 INFO scheduler Scheduled Job Complete: erpnext.utilities.doctype.video.video.update_youtube_data for students
2023-01-06 19:32:59,865 INFO scheduler Scheduled Job Start: erpnext.manufacturing.doctype.bom_update_log.bom_update_log.resume_bom_cost_update_jobs for students
2023-01-06 19:33:00,323 INFO scheduler Scheduled Job Complete: erpnext.manufacturing.doctype.bom_update_log.bom_update_log.resume_bom_cost_update_jobs for students
2023-01-06 19:33:00,465 INFO scheduler Scheduled Job Start: frappe.monitor.flush for students
2023-01-06 19:33:00,801 INFO scheduler Scheduled Job Complete: frappe.monitor.flush for students
2023-01-06 19:33:00,914 INFO scheduler Scheduled Job Start: frappe.utils.global_search.sync_global_search for students
2023-01-06 19:33:01,218 INFO scheduler Scheduled Job Complete: frappe.utils.global_search.sync_global_search for students
2023-01-06 19:33:01,330 INFO scheduler Scheduled Job Start: frappe.integrations.doctype.razorpay_settings.razorpay_settings.capture_payment for students
2023-01-06 19:33:02,057 INFO scheduler Scheduled Job Complete: frappe.integrations.doctype.razorpay_settings.razorpay_settings.capture_payment for students
2023-01-06 19:33:02,177 INFO scheduler Scheduled Job Start: frappe.email.doctype.email_account.email_account.notify_unreplied for students
2023-01-06 19:33:02,636 INFO scheduler Scheduled Job Complete: frappe.email.doctype.email_account.email_account.notify_unreplied for students
2023-01-06 19:33:02,751 INFO scheduler Scheduled Job Start: frappe.email.doctype.email_account.email_account.pull for students
2023-01-06 19:33:03,145 INFO scheduler Scheduled Job Complete: frappe.email.doctype.email_account.email_account.pull for students
2023-01-06 19:33:03,248 INFO scheduler Scheduled Job Start: frappe.email.queue.flush for students
2023-01-06 19:33:03,704 INFO scheduler Scheduled Job Complete: frappe.email.queue.flush for students
2023-01-06 19:33:03,827 INFO scheduler Scheduled Job Start: frappe.twofactor.delete_all_barcodes_for_users for students
2023-01-06 19:33:04,327 INFO scheduler Scheduled Job Complete: frappe.twofactor.delete_all_barcodes_for_users for students
2023-01-06 19:33:04,460 INFO scheduler Scheduled Job Start: frappe.website.doctype.web_page.web_page.check_publish_status for students
2023-01-06 19:33:05,061 INFO scheduler Scheduled Job Complete: frappe.website.doctype.web_page.web_page.check_publish_status for students
2023-01-06 19:33:05,192 INFO scheduler Scheduled Job Start: frappe.oauth.delete_oauth2_data for students
2023-01-06 19:33:06,912 INFO scheduler Scheduled Job Complete: frappe.oauth.delete_oauth2_data for students
2023-01-06 19:33:53,994 DEBUG scheduler Queued events for site students
